<!DOCTYPE html PUBLIC "-//W3C//DTD XHTML 1.1//EN" "http://www.w3.org/TR/xhtml11/DTD/xhtml11.dtd">
<html xmlns="http://www.w3.org/1999/xhtml"><head><title>TestNG Report</title><style type="text/css">table {margin-bottom:10px;border-collapse:collapse;empty-cells:show}th,td {border:1px solid #009;padding:.25em .5em}th {vertical-align:bottom}td {vertical-align:top}table a {font-weight:bold}.stripe td {background-color: #E6EBF9}.num {text-align:right}.passedodd td {background-color: #3F3}.passedeven td {background-color: #0A0}.skippedodd td {background-color: #DDD}.skippedeven td {background-color: #CCC}.failedodd td,.attn {background-color: #F33}.failedeven td,.stripe .attn {background-color: #D00}.stacktrace {white-space:pre;font-family:monospace}.totop {font-size:85%;text-align:center;border-bottom:2px solid #000}</style></head><body><table><tr><th>Test</th><th># Passed</th><th># Skipped</th><th># Failed</th><th>Time (ms)</th><th>Included Groups</th><th>Excluded Groups</th></tr><tr><th colspan="7">Data Driven Basic</th></tr><tr><td><a href="#t0">Bank Manager Login Test</a></td><td class="num">0</td><td class="num">0</td><td class="num attn">1</td><td class="num">1,199</td><td></td><td></td></tr><tr class="stripe"><td><a href="#t1">Add Customer Login Test</a></td><td class="num">0</td><td class="num attn">1</td><td class="num">0</td><td class="num">11</td><td></td><td></td></tr><tr><th>Total</th><th class="num">0</th><th class="num attn">1</th><th class="num attn">1</th><th class="num">1,210</th><th colspan="2"></th></tr></table><table><thead><tr><th>Class</th><th>Method</th><th>Start</th><th>Time (ms)</th></tr></thead><tbody><tr><th colspan="4">Data Driven Basic</th></tr></tbody><tbody id="t0"><tr><th colspan="4">Bank Manager Login Test &#8212; failed</th></tr><tr class="failedeven"><td rowspan="1">com.learn.testcases.BankManagerLoginTest</td><td><a href="#m0">loginAsBankManager</a></td><td rowspan="1">1573469402969</td><td rowspan="1">94</td></tr></tbody><tbody id="t1"><tr><th colspan="4">Add Customer Login Test &#8212; skipped</th></tr><tr class="skippedeven"><td rowspan="1">com.learn.testcases.AddCustomerLoginTest</td><td><a href="#m1">addCustomerTest</a></td><td rowspan="1">1573469404204</td><td rowspan="1">0</td></tr></tbody></table><h2>Bank Manager Login Test</h2><h3 id="m0">com.learn.testcases.BankManagerLoginTest#loginAsBankManager</h3><table class="result"><tr><th>Messages</th></tr><tr><td><div class="messages">Captureing ScreenShot<br/>&lt;a target=&quot;blank&quot;href=Mon_Nov_11_16_20_03_IST_2019.jpg&gt;ScreenShot&lt;/a&gt;</div></td></tr><tr><th>Exception</th></tr><tr><td><div class="stacktrace">java.lang.AssertionError: expected [xyz] but found [abc]
	at com.learn.testcases.BankManagerLoginTest.loginAsBankManager(BankManagerLoginTest.java:15)
... Removed 31 stack frames</div></td></tr></table><p class="totop"><a href="#summary">back to summary</a></p><h2>Add Customer Login Test</h2><h3 id="m1">com.learn.testcases.AddCustomerLoginTest#addCustomerTest</h3><table class="result"><tr><th>Exception</th></tr><tr><td><div class="stacktrace">java.lang.RuntimeException: Can&apos;t invoke method public java.lang.Object[][] com.learn.utilities.TestUtil.getData(java.lang.reflect.Method) on this instance of class com.learn.testcases.AddCustomerLoginTest due to class mismatch
... Removed 23 stack frames</div></td></tr></table><p class="totop"><a href="#summary">back to summary</a></p></body></html>